# gunzip -c exp/multilingual/chain/tdnnf_768_90_xls_r_300m_18//phone_bigram_decode_fleurs_complete_MergedLID_train/depth_tmp.*.gz | steps/diagnostic/analyze_lattice_depth_stats.py exp/multilingual/chain/tdnnf_768_90_xls_r_300m_18//phone_bigram_graph_no_spn/ exp/multilingual/chain/tdnnf_768_90_xls_r_300m_18//phone_bigram_decode_fleurs_complete_MergedLID_train/ali_frame_tmp.gz 
# Started at Fri Jun 23 18:28:44 BST 2023
#
The total amount of data analyzed assuming 100 frames per second is 493.5 hours
Overall, lattice depth (10,50,90-percentile)=(1,2,11) and mean=4.7
Nonsilence phones as a group account for 65.1% of frames, with lattice depth (10,50,90-percentile)=(1,3,11) and mean=4.8
Phone sil accounts for 34.9% of frames, with lattice depth (10,50,90-percentile)=(1,2,11) and mean=4.5
Phone a accounts for 9.5% of frames, with lattice depth (10,50,90-percentile)=(1,2,8) and mean=3.8
Phone i accounts for 5.0% of frames, with lattice depth (10,50,90-percentile)=(1,3,10) and mean=4.7
Phone n accounts for 3.7% of frames, with lattice depth (10,50,90-percentile)=(1,3,10) and mean=4.7
Phone t accounts for 3.5% of frames, with lattice depth (10,50,90-percentile)=(1,3,10) and mean=4.4
Phone s accounts for 3.2% of frames, with lattice depth (10,50,90-percentile)=(1,2,9) and mean=4.2
Phone u accounts for 3.2% of frames, with lattice depth (10,50,90-percentile)=(1,3,10) and mean=4.5
Phone k accounts for 3.0% of frames, with lattice depth (10,50,90-percentile)=(1,2,8) and mean=3.9
Phone o accounts for 2.8% of frames, with lattice depth (10,50,90-percentile)=(1,3,11) and mean=4.9
Phone e accounts for 2.3% of frames, with lattice depth (10,50,90-percentile)=(1,3,13) and mean=5.7
Phone m accounts for 2.2% of frames, with lattice depth (10,50,90-percentile)=(1,2,9) and mean=4.3
Phone l accounts for 2.2% of frames, with lattice depth (10,50,90-percentile)=(1,2,9) and mean=4.2
Phone E accounts for 2.1% of frames, with lattice depth (10,50,90-percentile)=(1,3,12) and mean=5.3
Phone r accounts for 1.9% of frames, with lattice depth (10,50,90-percentile)=(1,3,11) and mean=5.1
Phone O accounts for 1.9% of frames, with lattice depth (10,50,90-percentile)=(1,3,10) and mean=4.6
Phone d accounts for 1.8% of frames, with lattice depth (10,50,90-percentile)=(1,3,11) and mean=5.1
Phone b accounts for 1.4% of frames, with lattice depth (10,50,90-percentile)=(1,3,10) and mean=4.4
Phone j accounts for 1.4% of frames, with lattice depth (10,50,90-percentile)=(1,4,13) and mean=5.8
Phone p accounts for 1.3% of frames, with lattice depth (10,50,90-percentile)=(1,2,8) and mean=3.8
Phone g accounts for 0.9% of frames, with lattice depth (10,50,90-percentile)=(1,3,12) and mean=5.6
Phone v accounts for 0.9% of frames, with lattice depth (10,50,90-percentile)=(1,3,11) and mean=5.1
Phone x accounts for 0.8% of frames, with lattice depth (10,50,90-percentile)=(1,3,13) and mean=5.6
Phone ye accounts for 0.7% of frames, with lattice depth (10,50,90-percentile)=(2,6,18) and mean=8.6
Phone z accounts for 0.7% of frames, with lattice depth (10,50,90-percentile)=(1,3,11) and mean=4.7
Phone 1 accounts for 0.7% of frames, with lattice depth (10,50,90-percentile)=(1,5,16) and mean=7.3
Phone f accounts for 0.6% of frames, with lattice depth (10,50,90-percentile)=(1,2,9) and mean=4.3
Phone 4 accounts for 0.5% of frames, with lattice depth (10,50,90-percentile)=(1,3,10) and mean=4.7
# Accounting: time=392 threads=1
# Ended (code 0) at Fri Jun 23 18:35:16 BST 2023, elapsed time 392 seconds
